<?xml version="1.0" encoding="UTF-8"?>
<!-- Generated by org.testng.reporters.JUnitReportReporter -->
<testsuite hostname="DESKTOP-MRIEMIR" failures="0" tests="3" name="com.Edureka.demo.Edurekatest.EdurekaLogin" time="60.925" errors="0" timestamp="2021-12-26T16:38:14 IST" skipped="0">
  <testcase classname="com.Edureka.demo.Edurekatest.EdurekaLogin" name="edurekaTitleTest" time="11.643"/>
  <system-out/>
  <testcase classname="com.Edureka.demo.Edurekatest.EdurekaLogin" name="edurekalogintest" time="14.361"/>
  <system-out/>
  <testcase classname="com.Edureka.demo.Edurekatest.EdurekaLogin" name="edurekalogout" time="34.921"/>
  <system-out/>
</testsuite> <!-- com.Edureka.demo.Edurekatest.EdurekaLogin -->
